#
# There is insufficient memory for the Java Runtime Environment to continue.
# Native memory allocation (malloc) failed to allocate 32744 bytes for ChunkPool::allocate
# Possible reasons:
#   The system is out of physical RAM or swap space
#   The process is running with CompressedOops enabled, and the Java Heap may be blocking the growth of the native heap
# Possible solutions:
#   Reduce memory load on the system
#   Increase physical memory or swap space
#   Check if swap backing store is full
#   Decrease Java heap size (-Xmx/-Xms)
#   Decrease number of Java threads
#   Decrease Java thread stack sizes (-Xss)
#   Set larger code cache with -XX:ReservedCodeCacheSize=
#   JVM is running with Unscaled Compressed Oops mode in which the Java heap is
#     placed in the first 4GB address space. The Java Heap base address is the
#     maximum limit for the native heap growth. Please use -XX:HeapBaseMinAddress
#     to set the Java Heap base and to place the Java Heap above 4GB virtual address.
# This output file may be truncated or incomplete.
#
#  Out of Memory Error (./open/src/hotspot/share/memory/arena.cpp:81), pid=5740, tid=8344
#
# JRE version: Java(TM) SE Runtime Environment 18.9 (11.0.16+11) (build 11.0.16+11-LTS-199)
# Java VM: Java HotSpot(TM) 64-Bit Server VM 18.9 (11.0.16+11-LTS-199, mixed mode, tiered, compressed oops, g1 gc, windows-amd64)
# No core dump will be written. Minidumps are not enabled by default on client versions of Windows
#

---------------  S U M M A R Y ------------

Command Line: -Dclassworlds.conf=C:\Program Files\NetBeans-15\netbeans\java\maven\bin\m2.conf -Dmaven.home=C:\Program Files\NetBeans-15\netbeans\java\maven -Dlibrary.jansi.path=C:\Program Files\NetBeans-15\netbeans\java\maven\lib\jansi-native -Dmaven.multiModuleProjectDirectory=E:\Workspace\Mo Hinh Phan Lop\SalesManagement org.codehaus.plexus.classworlds.launcher.Launcher -Dexec.vmArgs= -Dexec.args=${exec.vmArgs} -classpath %classpath ${exec.mainClass} ${exec.appArgs} -Dexec.appArgs= -Dexec.mainClass=moirottoiec.salesmanagement.Main -Dexec.executable=C:\Program Files\Java\jdk-11.0.16\bin\java.exe -Dmaven.ext.class.path=C:\Program Files\NetBeans-15\netbeans\java\maven-nblib\netbeans-eventspy.jar -Dfile.encoding=UTF-8 org.codehaus.mojo:exec-maven-plugin:3.0.0:exec

Host: Intel(R) Core(TM) i5-4310U CPU @ 2.00GHz, 4 cores, 3G,  Windows 10 , 64 bit Build 19041 (10.0.19041.1741)
Time: Sat Nov 12 21:57:22 2022 SE Asia Standard Time elapsed time: 0.781664 seconds (0d 0h 0m 0s)

---------------  T H R E A D  ---------------

Current thread (0x000001a7f7e1d000):  JavaThread "C1 CompilerThread0" daemon [_thread_in_native, id=8344, stack(0x0000001c66f00000,0x0000001c67000000)]


Current CompileTask:
C1:    781  593       3       java.net.URLStreamHandler::parseURL (1201 bytes)

Stack: [0x0000001c66f00000,0x0000001c67000000]
Native frames: (J=compiled Java code, j=interpreted, Vv=VM code, C=native code)
V  [jvm.dll+0x62a3ea]
V  [jvm.dll+0x76418f]
V  [jvm.dll+0x765839]
V  [jvm.dll+0x765ec3]
V  [jvm.dll+0x23da98]
V  [jvm.dll+0xb2c7b]
V  [jvm.dll+0xb2fdc]
V  [jvm.dll+0x159843]
V  [jvm.dll+0x159910]
V  [jvm.dll+0x15c13d]
V  [jvm.dll+0x15dda1]
V  [jvm.dll+0x1189c5]
V  [jvm.dll+0x11825f]
V  [jvm.dll+0x11848f]
V  [jvm.dll+0x117734]
V  [jvm.dll+0x119607]
V  [jvm.dll+0x207006]
V  [jvm.dll+0x20519b]
V  [jvm.dll+0x729fa0]
V  [jvm.dll+0x722b74]
V  [jvm.dll+0x629286]
C  [ucrtbase.dll+0x21bb2]
C  [KERNEL32.DLL+0x17034]
C  [ntdll.dll+0x52651]


---------------  P R O C E S S  ---------------

Threads class SMR info:
_java_thread_list=0x000001a7f80a7ce0, length=10, elements={
0x000001a7e95a9800, 0x000001a7f7da4800, 0x000001a7f7dad000, 0x000001a7f7e0d800,
0x000001a7f7e10000, 0x000001a7f7e12000, 0x000001a7f7dc6000, 0x000001a7f7e1d000,
0x000001a7f7e22800, 0x000001a7f80a8800
}

Java Threads: ( => current thread )
  0x000001a7e95a9800 JavaThread "main" [_thread_in_vm, id=10144, stack(0x0000001c66200000,0x0000001c66300000)]
  0x000001a7f7da4800 JavaThread "Reference Handler" daemon [_thread_blocked, id=9116, stack(0x0000001c66900000,0x0000001c66a00000)]
  0x000001a7f7dad000 JavaThread "Finalizer" daemon [_thread_blocked, id=9096, stack(0x0000001c66a00000,0x0000001c66b00000)]
  0x000001a7f7e0d800 JavaThread "Signal Dispatcher" daemon [_thread_blocked, id=13780, stack(0x0000001c66b00000,0x0000001c66c00000)]
  0x000001a7f7e10000 JavaThread "Attach Listener" daemon [_thread_blocked, id=8852, stack(0x0000001c66c00000,0x0000001c66d00000)]
  0x000001a7f7e12000 JavaThread "Service Thread" daemon [_thread_blocked, id=5212, stack(0x0000001c66d00000,0x0000001c66e00000)]
  0x000001a7f7dc6000 JavaThread "C2 CompilerThread0" daemon [_thread_blocked, id=13492, stack(0x0000001c66e00000,0x0000001c66f00000)]
=>0x000001a7f7e1d000 JavaThread "C1 CompilerThread0" daemon [_thread_in_native, id=8344, stack(0x0000001c66f00000,0x0000001c67000000)]
  0x000001a7f7e22800 JavaThread "Sweeper thread" daemon [_thread_blocked, id=14736, stack(0x0000001c67000000,0x0000001c67100000)]
  0x000001a7f80a8800 JavaThread "Common-Cleaner" daemon [_thread_blocked, id=15284, stack(0x0000001c67200000,0x0000001c67300000)]

Other Threads:
  0x000001a7f7d7f000 VMThread "VM Thread" [stack: 0x0000001c66800000,0x0000001c66900000] [id=11512]
  0x000001a7f80a6000 WatcherThread [stack: 0x0000001c67100000,0x0000001c67200000] [id=8652]
  0x000001a7e95bf800 GCTaskThread "GC Thread#0" [stack: 0x0000001c66300000,0x0000001c66400000] [id=2084]
  0x000001a7e95dc000 ConcurrentGCThread "G1 Main Marker" [stack: 0x0000001c66400000,0x0000001c66500000] [id=14108]
  0x000001a7e95de000 ConcurrentGCThread "G1 Conc#0" [stack: 0x0000001c66500000,0x0000001c66600000] [id=9800]
  0x000001a7e9637800 ConcurrentGCThread "G1 Refine#0" [stack: 0x0000001c66600000,0x0000001c66700000] [id=5220]
  0x000001a7e9638800 ConcurrentGCThread "G1 Young RemSet Sampling" [stack: 0x0000001c66700000,0x0000001c66800000] [id=676]

Threads with active compile tasks:
C1 CompilerThread0      835  593       3       java.net.URLStreamHandler::parseURL (1201 bytes)

VM state:not at safepoint (normal execution)

VM Mutex/Monitor currently owned by a thread: None

Heap address: 0x00000000c1600000, size: 1002 MB, Compressed Oops mode: 32-bit
Narrow klass base: 0x0000000000000000, Narrow klass shift: 3
Compressed class space size: 1073741824 Address: 0x0000000100000000

Heap:
 garbage-first heap   total 65536K, used 8192K [0x00000000c1600000, 0x0000000100000000)
  region size 1024K, 9 young (9216K), 0 survivors (0K)
 Metaspace       used 8887K, capacity 9077K, committed 9344K, reserved 1058816K
  class space    used 791K, capacity 876K, committed 896K, reserved 1048576K
Heap Regions: E=young(eden), S=young(survivor), O=old, HS=humongous(starts), HC=humongous(continues), CS=collection set, F=free, A=archive, TAMS=top-at-mark-start (previous, next)
|   0|0x00000000c1600000, 0x00000000c1600000, 0x00000000c1700000|  0%| F|  |TAMS 0x00000000c1600000, 0x00000000c1600000| Untracked 
|   1|0x00000000c1700000, 0x00000000c1700000, 0x00000000c1800000|  0%| F|  |TAMS 0x00000000c1700000, 0x00000000c1700000| Untracked 
|   2|0x00000000c1800000, 0x00000000c1800000, 0x00000000c1900000|  0%| F|  |TAMS 0x00000000c1800000, 0x00000000c1800000| Untracked 
|   3|0x00000000c1900000, 0x00000000c1900000, 0x00000000c1a00000|  0%| F|  |TAMS 0x00000000c1900000, 0x00000000c1900000| Untracked 
|   4|0x00000000c1a00000, 0x00000000c1a00000, 0x00000000c1b00000|  0%| F|  |TAMS 0x00000000c1a00000, 0x00000000c1a00000| Untracked 
|   5|0x00000000c1b00000, 0x00000000c1b00000, 0x00000000c1c00000|  0%| F|  |TAMS 0x00000000c1b00000, 0x00000000c1b00000| Untracked 
|   6|0x00000000c1c00000, 0x00000000c1c00000, 0x00000000c1d00000|  0%| F|  |TAMS 0x00000000c1c00000, 0x00000000c1c00000| Untracked 
|   7|0x00000000c1d00000, 0x00000000c1d00000, 0x00000000c1e00000|  0%| F|  |TAMS 0x00000000c1d00000, 0x00000000c1d00000| Untracked 
|   8|0x00000000c1e00000, 0x00000000c1e00000, 0x00000000c1f00000|  0%| F|  |TAMS 0x00000000c1e00000, 0x00000000c1e00000| Untracked 
|   9|0x00000000c1f00000, 0x00000000c1f00000, 0x00000000c2000000|  0%| F|  |TAMS 0x00000000c1f00000, 0x00000000c1f00000| Untracked 
|  10|0x00000000c2000000, 0x00000000c2000000, 0x00000000c2100000|  0%| F|  |TAMS 0x00000000c2000000, 0x00000000c2000000| Untracked 
|  11|0x00000000c2100000, 0x00000000c2100000, 0x00000000c2200000|  0%| F|  |TAMS 0x00000000c2100000, 0x00000000c2100000| Untracked 
|  12|0x00000000c2200000, 0x00000000c2200000, 0x00000000c2300000|  0%| F|  |TAMS 0x00000000c2200000, 0x00000000c2200000| Untracked 
|  13|0x00000000c2300000, 0x00000000c2300000, 0x00000000c2400000|  0%| F|  |TAMS 0x00000000c2300000, 0x00000000c2300000| Untracked 
|  14|0x00000000c2400000, 0x00000000c2400000, 0x00000000c2500000|  0%| F|  |TAMS 0x00000000c2400000, 0x00000000c2400000| Untracked 
|  15|0x00000000c2500000, 0x00000000c2500000, 0x00000000c2600000|  0%| F|  |TAMS 0x00000000c2500000, 0x00000000c2500000| Untracked 
|  16|0x00000000c2600000, 0x00000000c2600000, 0x00000000c2700000|  0%| F|  |TAMS 0x00000000c2600000, 0x00000000c2600000| Untracked 
|  17|0x00000000c2700000, 0x00000000c2700000, 0x00000000c2800000|  0%| F|  |TAMS 0x00000000c2700000, 0x00000000c2700000| Untracked 
|  18|0x00000000c2800000, 0x00000000c2800000, 0x00000000c2900000|  0%| F|  |TAMS 0x00000000c2800000, 0x00000000c2800000| Untracked 
|  19|0x00000000c2900000, 0x00000000c2900000, 0x00000000c2a00000|  0%| F|  |TAMS 0x00000000c2900000, 0x00000000c2900000| Untracked 
|  20|0x00000000c2a00000, 0x00000000c2a00000, 0x00000000c2b00000|  0%| F|  |TAMS 0x00000000c2a00000, 0x00000000c2a00000| Untracked 
|  21|0x00000000c2b00000, 0x00000000c2b00000, 0x00000000c2c00000|  0%| F|  |TAMS 0x00000000c2b00000, 0x00000000c2b00000| Untracked 
|  22|0x00000000c2c00000, 0x00000000c2c00000, 0x00000000c2d00000|  0%| F|  |TAMS 0x00000000c2c00000, 0x00000000c2c00000| Untracked 
|  23|0x00000000c2d00000, 0x00000000c2d00000, 0x00000000c2e00000|  0%| F|  |TAMS 0x00000000c2d00000, 0x00000000c2d00000| Untracked 
|  24|0x00000000c2e00000, 0x00000000c2e00000, 0x00000000c2f00000|  0%| F|  |TAMS 0x00000000c2e00000, 0x00000000c2e00000| Untracked 
|  25|0x00000000c2f00000, 0x00000000c2f00000, 0x00000000c3000000|  0%| F|  |TAMS 0x00000000c2f00000, 0x00000000c2f00000| Untracked 
|  26|0x00000000c3000000, 0x00000000c3000000, 0x00000000c3100000|  0%| F|  |TAMS 0x00000000c3000000, 0x00000000c3000000| Untracked 
|  27|0x00000000c3100000, 0x00000000c3100000, 0x00000000c3200000|  0%| F|  |TAMS 0x00000000c3100000, 0x00000000c3100000| Untracked 
|  28|0x00000000c3200000, 0x00000000c3200000, 0x00000000c3300000|  0%| F|  |TAMS 0x00000000c3200000, 0x00000000c3200000| Untracked 
|  29|0x00000000c3300000, 0x00000000c3300000, 0x00000000c3400000|  0%| F|  |TAMS 0x00000000c3300000, 0x00000000c3300000| Untracked 
|  30|0x00000000c3400000, 0x00000000c3400000, 0x00000000c3500000|  0%| F|  |TAMS 0x00000000c3400000, 0x00000000c3400000| Untracked 
|  31|0x00000000c3500000, 0x00000000c3500000, 0x00000000c3600000|  0%| F|  |TAMS 0x00000000c3500000, 0x00000000c3500000| Untracked 
|  32|0x00000000c3600000, 0x00000000c3600000, 0x00000000c3700000|  0%| F|  |TAMS 0x00000000c3600000, 0x00000000c3600000| Untracked 
|  33|0x00000000c3700000, 0x00000000c3700000, 0x00000000c3800000|  0%| F|  |TAMS 0x00000000c3700000, 0x00000000c3700000| Untracked 
|  34|0x00000000c3800000, 0x00000000c3800000, 0x00000000c3900000|  0%| F|  |TAMS 0x00000000c3800000, 0x00000000c3800000| Untracked 
|  35|0x00000000c3900000, 0x00000000c3900000, 0x00000000c3a00000|  0%| F|  |TAMS 0x00000000c3900000, 0x00000000c3900000| Untracked 
|  36|0x00000000c3a00000, 0x00000000c3a00000, 0x00000000c3b00000|  0%| F|  |TAMS 0x00000000c3a00000, 0x00000000c3a00000| Untracked 
|  37|0x00000000c3b00000, 0x00000000c3b00000, 0x00000000c3c00000|  0%| F|  |TAMS 0x00000000c3b00000, 0x00000000c3b00000| Untracked 
|  38|0x00000000c3c00000, 0x00000000c3c00000, 0x00000000c3d00000|  0%| F|  |TAMS 0x00000000c3c00000, 0x00000000c3c00000| Untracked 
|  39|0x00000000c3d00000, 0x00000000c3d00000, 0x00000000c3e00000|  0%| F|  |TAMS 0x00000000c3d00000, 0x00000000c3d00000| Untracked 
|  40|0x00000000c3e00000, 0x00000000c3e00000, 0x00000000c3f00000|  0%| F|  |TAMS 0x00000000c3e00000, 0x00000000c3e00000| Untracked 
|  41|0x00000000c3f00000, 0x00000000c3f00000, 0x00000000c4000000|  0%| F|  |TAMS 0x00000000c3f00000, 0x00000000c3f00000| Untracked 
|  42|0x00000000c4000000, 0x00000000c4000000, 0x00000000c4100000|  0%| F|  |TAMS 0x00000000c4000000, 0x00000000c4000000| Untracked 
|  43|0x00000000c4100000, 0x00000000c4100000, 0x00000000c4200000|  0%| F|  |TAMS 0x00000000c4100000, 0x00000000c4100000| Untracked 
|  44|0x00000000c4200000, 0x00000000c4200000, 0x00000000c4300000|  0%| F|  |TAMS 0x00000000c4200000, 0x00000000c4200000| Untracked 
|  45|0x00000000c4300000, 0x00000000c4300000, 0x00000000c4400000|  0%| F|  |TAMS 0x00000000c4300000, 0x00000000c4300000| Untracked 
|  46|0x00000000c4400000, 0x00000000c4400000, 0x00000000c4500000|  0%| F|  |TAMS 0x00000000c4400000, 0x00000000c4400000| Untracked 
|  47|0x00000000c4500000, 0x00000000c4500000, 0x00000000c4600000|  0%| F|  |TAMS 0x00000000c4500000, 0x00000000c4500000| Untracked 
|  48|0x00000000c4600000, 0x00000000c4600000, 0x00000000c4700000|  0%| F|  |TAMS 0x00000000c4600000, 0x00000000c4600000| Untracked 
|  49|0x00000000c4700000, 0x00000000c4700000, 0x00000000c4800000|  0%| F|  |TAMS 0x00000000c4700000, 0x00000000c4700000| Untracked 
|  50|0x00000000c4800000, 0x00000000c4800000, 0x00000000c4900000|  0%| F|  |TAMS 0x00000000c4800000, 0x00000000c4800000| Untracked 
|  51|0x00000000c4900000, 0x00000000c4900000, 0x00000000c4a00000|  0%| F|  |TAMS 0x00000000c4900000, 0x00000000c4900000| Untracked 
|  52|0x00000000c4a00000, 0x00000000c4a00000, 0x00000000c4b00000|  0%| F|  |TAMS 0x00000000c4a00000, 0x00000000c4a00000| Untracked 
|  53|0x00000000c4b00000, 0x00000000c4b00000, 0x00000000c4c00000|  0%| F|  |TAMS 0x00000000c4b00000, 0x00000000c4b00000| Untracked 
|  54|0x00000000c4c00000, 0x00000000c4c00000, 0x00000000c4d00000|  0%| F|  |TAMS 0x00000000c4c00000, 0x00000000c4c00000| Untracked 
|  55|0x00000000c4d00000, 0x00000000c4e00000, 0x00000000c4e00000|100%| E|  |TAMS 0x00000000c4d00000, 0x00000000c4d00000| Complete 
|  56|0x00000000c4e00000, 0x00000000c4f00000, 0x00000000c4f00000|100%| E|CS|TAMS 0x00000000c4e00000, 0x00000000c4e00000| Complete 
|  57|0x00000000c4f00000, 0x00000000c5000000, 0x00000000c5000000|100%| E|CS|TAMS 0x00000000c4f00000, 0x00000000c4f00000| Complete 
|  58|0x00000000c5000000, 0x00000000c5100000, 0x00000000c5100000|100%| E|CS|TAMS 0x00000000c5000000, 0x00000000c5000000| Complete 
|  59|0x00000000c5100000, 0x00000000c5200000, 0x00000000c5200000|100%| E|CS|TAMS 0x00000000c5100000, 0x00000000c5100000| Complete 
|  60|0x00000000c5200000, 0x00000000c5300000, 0x00000000c5300000|100%| E|CS|TAMS 0x00000000c5200000, 0x00000000c5200000| Complete 
|  61|0x00000000c5300000, 0x00000000c5400000, 0x00000000c5400000|100%| E|CS|TAMS 0x00000000c5300000, 0x00000000c5300000| Complete 
|  62|0x00000000c5400000, 0x00000000c5500000, 0x00000000c5500000|100%| E|CS|TAMS 0x00000000c5400000, 0x00000000c5400000| Complete 
|  63|0x00000000c5500000, 0x00000000c5600000, 0x00000000c5600000|100%| E|CS|TAMS 0x00000000c5500000, 0x00000000c5500000| Complete 

Card table byte_map: [0x000001a7f2c60000,0x000001a7f2e60000] _byte_map_base: 0x000001a7f2655000

Marking Bits (Prev, Next): (CMBitMap*) 0x000001a7e95d7228, (CMBitMap*) 0x000001a7e95d7260
 Prev Bits: [0x000001a7f3060000, 0x000001a7f4008000)
 Next Bits: [0x000001a7f4010000, 0x000001a7f4fb8000)

Polling page: 0x000001a7e9690000

Metaspace:

Usage:
  Non-class:      8.01 MB capacity,     7.91 MB ( 99%) used,    98.10 KB (  1%) free+waste,     6.69 KB ( <1%) overhead. 
      Class:    876.00 KB capacity,   791.60 KB ( 90%) used,    81.52 KB (  9%) free+waste,     2.88 KB ( <1%) overhead. 
       Both:      8.86 MB capacity,     8.68 MB ( 98%) used,   179.63 KB (  2%) free+waste,     9.56 KB ( <1%) overhead. 

Virtual space:
  Non-class space:       10.00 MB reserved,       8.25 MB ( 83%) committed 
      Class space:        1.00 GB reserved,     896.00 KB ( <1%) committed 
             Both:        1.01 GB reserved,       9.13 MB ( <1%) committed 

Chunk freelists:
   Non-Class:  6.88 KB
       Class:  2.50 KB
        Both:  9.38 KB

CodeHeap 'non-profiled nmethods': size=120064Kb used=159Kb max_used=159Kb free=119904Kb
 bounds [0x000001a787ac0000, 0x000001a787d30000, 0x000001a78f000000]
CodeHeap 'profiled nmethods': size=120000Kb used=1055Kb max_used=1055Kb free=118945Kb
 bounds [0x000001a780590000, 0x000001a780800000, 0x000001a787ac0000]
CodeHeap 'non-nmethods': size=5696Kb used=1063Kb max_used=1076Kb free=4632Kb
 bounds [0x000001a780000000, 0x000001a780270000, 0x000001a780590000]
 total_blobs=953 nmethods=594 adapters=271
 compilation: enabled
              stopped_count=0, restarted_count=0
 full_count=0

Compilation events (10 events):
Event: 0.750 Thread 0x000001a7f7e1d000 nmethod 587 0x000001a787ae5e10 code [0x000001a787ae5fa0, 0x000001a787ae6058]
Event: 0.752 Thread 0x000001a7f7e1d000  590       3       java.util.concurrent.ConcurrentHashMap::put (8 bytes)
Event: 0.752 Thread 0x000001a7f7e1d000 nmethod 590 0x000001a780696d10 code [0x000001a780696ec0, 0x000001a780696fe8]
Event: 0.756 Thread 0x000001a7f7e1d000  591       3       java.lang.StringBuilder::append (8 bytes)
Event: 0.756 Thread 0x000001a7f7e1d000 nmethod 591 0x000001a780697090 code [0x000001a780697240, 0x000001a780697388]
Event: 0.756 Thread 0x000001a7f7dc6000 nmethod 589 0x000001a787ae6110 code [0x000001a787ae62a0, 0x000001a787ae6778]
Event: 0.757 Thread 0x000001a7f7e1d000  592       3       java.util.ArrayDeque::addLast (51 bytes)
Event: 0.757 Thread 0x000001a7f7e1d000 nmethod 592 0x000001a780697410 code [0x000001a7806975e0, 0x000001a780697a78]
Event: 0.757 Thread 0x000001a7f7e1d000  593       3       java.net.URLStreamHandler::parseURL (1201 bytes)
Event: 0.773 Thread 0x000001a7f7dc6000  600       4       java.lang.StringBuilder::append (8 bytes)

GC Heap History (0 events):
No events

Deoptimization events (6 events):
Event: 0.102 Thread 0x000001a7e95a9800 Uncommon trap: reason=unstable_if action=reinterpret pc=0x000001a787ac42fc method=java.lang.String.hashCode()I @ 14 c2
Event: 0.285 Thread 0x000001a7e95a9800 Uncommon trap: reason=unstable_if action=reinterpret pc=0x000001a787acd160 method=java.io.WinNTFileSystem.isSlash(C)Z @ 9 c2
Event: 0.507 Thread 0x000001a7e95a9800 Uncommon trap: reason=unstable_if action=reinterpret pc=0x000001a787ace894 method=java.util.zip.ZipFile$Source.isMetaName([BII)Z @ 43 c2
Event: 0.750 Thread 0x000001a7e95a9800 Uncommon trap: reason=unstable_if action=reinterpret pc=0x000001a787ac9a54 method=java.lang.StringLatin1.canEncode(I)Z @ 4 c2
Event: 0.750 Thread 0x000001a7e95a9800 Uncommon trap: reason=unstable_if action=reinterpret pc=0x000001a787aca338 method=java.lang.AbstractStringBuilder.isLatin1()Z @ 10 c2
Event: 0.756 Thread 0x000001a7e95a9800 Uncommon trap: reason=unstable_if action=reinterpret pc=0x000001a787ac75b4 method=java.lang.StringLatin1.canEncode(I)Z @ 4 c2

Classes redefined (0 events):
No events

Internal exceptions (10 events):
Event: 0.327 Thread 0x000001a7e95a9800 Exception <a 'java/lang/NoSuchMethodError'{0x00000000c5249658}: java.lang.invoke.DirectMethodHandle$Holder.invokeSpecialIFC(Ljava/lang/Object;Ljava/lang/Object;I)I> (0x00000000c5249658) thrown at [./open/src/hotspot/share/interpreter/linkResolver.cpp, lin
Event: 0.356 Thread 0x000001a7e95a9800 Exception <a 'java/lang/NullPointerException'{0x00000000c52b0c30}> (0x00000000c52b0c30) thrown at [./open/src/hotspot/share/interpreter/linkResolver.cpp, line 1354]
Event: 0.411 Thread 0x000001a7e95a9800 Exception <a 'java/lang/NullPointerException'{0x00000000c52e7b90}> (0x00000000c52e7b90) thrown at [./open/src/hotspot/share/interpreter/linkResolver.cpp, line 1354]
Event: 0.411 Thread 0x000001a7e95a9800 Exception <a 'java/lang/NullPointerException'{0x00000000c52e7e60}> (0x00000000c52e7e60) thrown at [./open/src/hotspot/share/interpreter/linkResolver.cpp, line 1354]
Event: 0.411 Thread 0x000001a7e95a9800 Exception <a 'java/lang/NullPointerException'{0x00000000c52e8130}> (0x00000000c52e8130) thrown at [./open/src/hotspot/share/interpreter/linkResolver.cpp, line 1354]
Event: 0.413 Thread 0x000001a7e95a9800 Exception <a 'java/lang/NullPointerException'{0x00000000c52ee828}> (0x00000000c52ee828) thrown at [./open/src/hotspot/share/interpreter/linkResolver.cpp, line 1354]
Event: 0.416 Thread 0x000001a7e95a9800 Exception <a 'java/lang/NullPointerException'{0x00000000c5106030}> (0x00000000c5106030) thrown at [./open/src/hotspot/share/interpreter/linkResolver.cpp, line 1354]
Event: 0.416 Thread 0x000001a7e95a9800 Exception <a 'java/lang/NullPointerException'{0x00000000c5106300}> (0x00000000c5106300) thrown at [./open/src/hotspot/share/interpreter/linkResolver.cpp, line 1354]
Event: 0.416 Thread 0x000001a7e95a9800 Exception <a 'java/lang/NullPointerException'{0x00000000c51065d0}> (0x00000000c51065d0) thrown at [./open/src/hotspot/share/interpreter/linkResolver.cpp, line 1354]
Event: 0.416 Thread 0x000001a7e95a9800 Exception <a 'java/lang/NullPointerException'{0x00000000c51068a0}> (0x00000000c51068a0) thrown at [./open/src/hotspot/share/interpreter/linkResolver.cpp, line 1354]

Events (10 events):
Event: 0.772 loading class com/google/inject/binder/LinkedBindingBuilder
Event: 0.772 loading class com/google/inject/binder/LinkedBindingBuilder done
Event: 0.773 loading class com/google/inject/binder/ScopedBindingBuilder
Event: 0.773 loading class com/google/inject/binder/ScopedBindingBuilder done
Event: 0.774 loading class com/google/inject/Key
Event: 0.774 loading class com/google/inject/Key done
Event: 0.775 loading class com/google/inject/TypeLiteral
Event: 0.775 loading class com/google/inject/TypeLiteral done
Event: 0.778 loading class com/google/inject/spi/Dependency
Event: 0.778 loading class com/google/inject/spi/Dependency done


Dynamic libraries:
0x00007ff67bbc0000 - 0x00007ff67bbcf000 	C:\Program Files\Java\jdk-11.0.16\bin\java.exe
0x00007ff8c27b0000 - 0x00007ff8c29a7000 	C:\WINDOWS\SYSTEM32\ntdll.dll
0x00007ff8c26b0000 - 0x00007ff8c276d000 	C:\WINDOWS\System32\KERNEL32.DLL
0x00007ff8c0320000 - 0x00007ff8c05ed000 	C:\WINDOWS\System32\KERNELBASE.dll
0x00007ff8bfed0000 - 0x00007ff8bffd0000 	C:\WINDOWS\System32\ucrtbase.dll
0x00007ff8ba0e0000 - 0x00007ff8ba0f8000 	C:\Program Files\Java\jdk-11.0.16\bin\jli.dll
0x00007ff8baec0000 - 0x00007ff8baed5000 	C:\Program Files\Java\jdk-11.0.16\bin\VCRUNTIME140.dll
0x00007ff8c1a90000 - 0x00007ff8c1b3e000 	C:\WINDOWS\System32\ADVAPI32.dll
0x00007ff8c1cb0000 - 0x00007ff8c1d4e000 	C:\WINDOWS\System32\msvcrt.dll
0x00007ff8c1c10000 - 0x00007ff8c1cac000 	C:\WINDOWS\System32\sechost.dll
0x00007ff8c1960000 - 0x00007ff8c1a85000 	C:\WINDOWS\System32\RPCRT4.dll
0x00007ff8c1d50000 - 0x00007ff8c1ef0000 	C:\WINDOWS\System32\USER32.dll
0x00007ff8bffd0000 - 0x00007ff8bfff2000 	C:\WINDOWS\System32\win32u.dll
0x00007ff8c2600000 - 0x00007ff8c262a000 	C:\WINDOWS\System32\GDI32.dll
0x00007ff8c05f0000 - 0x00007ff8c06fb000 	C:\WINDOWS\System32\gdi32full.dll
0x00007ff8c01d0000 - 0x00007ff8c026d000 	C:\WINDOWS\System32\msvcp_win.dll
0x00007ff8b9d70000 - 0x00007ff8ba00a000 	C:\WINDOWS\WinSxS\amd64_microsoft.windows.common-controls_6595b64144ccf1df_6.0.19041.1110_none_60b5254171f9507e\COMCTL32.dll
0x00007ff8b7580000 - 0x00007ff8b758a000 	C:\WINDOWS\SYSTEM32\VERSION.dll
0x00007ff8c1930000 - 0x00007ff8c1960000 	C:\WINDOWS\System32\IMM32.DLL
0x00007ff8b1310000 - 0x00007ff8b13ab000 	C:\Program Files\Java\jdk-11.0.16\bin\msvcp140.dll
0x00007ff86fa20000 - 0x00007ff870538000 	C:\Program Files\Java\jdk-11.0.16\bin\server\jvm.dll
0x00007ff8c26a0000 - 0x00007ff8c26a8000 	C:\WINDOWS\System32\PSAPI.DLL
0x00007ff8b0b10000 - 0x00007ff8b0b37000 	C:\WINDOWS\SYSTEM32\WINMM.dll
0x00007ff8bbe10000 - 0x00007ff8bbe19000 	C:\WINDOWS\SYSTEM32\WSOCK32.dll
0x00007ff8c1830000 - 0x00007ff8c189b000 	C:\WINDOWS\System32\WS2_32.dll
0x00007ff8bddd0000 - 0x00007ff8bdde2000 	C:\WINDOWS\SYSTEM32\kernel.appcore.dll
0x00007ff8bbd70000 - 0x00007ff8bbd80000 	C:\Program Files\Java\jdk-11.0.16\bin\verify.dll
0x00007ff8acbd0000 - 0x00007ff8acdb4000 	C:\WINDOWS\SYSTEM32\DBGHELP.DLL
0x00007ff8acb60000 - 0x00007ff8acb8c000 	C:\WINDOWS\SYSTEM32\dbgcore.DLL
0x00007ff8c0700000 - 0x00007ff8c0782000 	C:\WINDOWS\System32\bcryptPrimitives.dll
0x00007ff8ba450000 - 0x00007ff8ba478000 	C:\Program Files\Java\jdk-11.0.16\bin\java.dll
0x00007ff8bb4c0000 - 0x00007ff8bb4ca000 	C:\Program Files\Java\jdk-11.0.16\bin\jimage.dll
0x00007ff8ba320000 - 0x00007ff8ba336000 	C:\Program Files\Java\jdk-11.0.16\bin\zip.dll
0x00007ff8c10e0000 - 0x00007ff8c1824000 	C:\WINDOWS\System32\SHELL32.dll
0x00007ff8bdfd0000 - 0x00007ff8be764000 	C:\WINDOWS\SYSTEM32\windows.storage.dll
0x00007ff8c2010000 - 0x00007ff8c2364000 	C:\WINDOWS\System32\combase.dll
0x00007ff8bf930000 - 0x00007ff8bf95c000 	C:\WINDOWS\SYSTEM32\Wldp.dll
0x00007ff8c0e60000 - 0x00007ff8c0f0d000 	C:\WINDOWS\System32\SHCORE.dll
0x00007ff8c1bb0000 - 0x00007ff8c1c05000 	C:\WINDOWS\System32\shlwapi.dll
0x00007ff8bfe10000 - 0x00007ff8bfe2f000 	C:\WINDOWS\SYSTEM32\profapi.dll
0x00007ff8ba120000 - 0x00007ff8ba139000 	C:\Program Files\Java\jdk-11.0.16\bin\net.dll
0x00007ff8b1c90000 - 0x00007ff8b1d9a000 	C:\WINDOWS\SYSTEM32\WINHTTP.dll
0x00007ff8bf690000 - 0x00007ff8bf6fa000 	C:\WINDOWS\system32\mswsock.dll
0x00007ff8ba100000 - 0x00007ff8ba112000 	C:\Program Files\Java\jdk-11.0.16\bin\nio.dll
0x0000000069ac0000 - 0x0000000069ae4000 	C:\Program Files\NetBeans-15\netbeans\java\maven\lib\jansi-native\Windows\x86_64\jansi.dll

dbghelp: loaded successfully - version: 4.0.5 - missing functions: none
symbol engine: initialized successfully - sym options: 0x614 - pdb path: .;C:\Program Files\Java\jdk-11.0.16\bin;C:\WINDOWS\SYSTEM32;C:\WINDOWS\WinSxS\amd64_microsoft.windows.common-controls_6595b64144ccf1df_6.0.19041.1110_none_60b5254171f9507e;C:\Program Files\Java\jdk-11.0.16\bin\server;C:\Program Files\NetBeans-15\netbeans\java\maven\lib\jansi-native\Windows\x86_64

VM Arguments:
jvm_args: -Dclassworlds.conf=C:\Program Files\NetBeans-15\netbeans\java\maven\bin\m2.conf -Dmaven.home=C:\Program Files\NetBeans-15\netbeans\java\maven -Dlibrary.jansi.path=C:\Program Files\NetBeans-15\netbeans\java\maven\lib\jansi-native -Dmaven.multiModuleProjectDirectory=E:\Workspace\Mo Hinh Phan Lop\SalesManagement 
java_command: org.codehaus.plexus.classworlds.launcher.Launcher -Dexec.vmArgs= -Dexec.args=${exec.vmArgs} -classpath %classpath ${exec.mainClass} ${exec.appArgs} -Dexec.appArgs= -Dexec.mainClass=moirottoiec.salesmanagement.Main -Dexec.executable=C:\Program Files\Java\jdk-11.0.16\bin\java.exe -Dmaven.ext.class.path=C:\Program Files\NetBeans-15\netbeans\java\maven-nblib\netbeans-eventspy.jar -Dfile.encoding=UTF-8 org.codehaus.mojo:exec-maven-plugin:3.0.0:exec
java_class_path (initial): C:\Program Files\NetBeans-15\netbeans\java\maven\boot\plexus-classworlds-2.6.0.jar
Launcher Type: SUN_STANDARD

[Global flags]
     intx CICompilerCount                          = 3                                         {product} {ergonomic}
     uint ConcGCThreads                            = 1                                         {product} {ergonomic}
     uint G1ConcRefinementThreads                  = 4                                         {product} {ergonomic}
   size_t G1HeapRegionSize                         = 1048576                                   {product} {ergonomic}
    uintx GCDrainStackTargetSize                   = 64                                        {product} {ergonomic}
   size_t InitialHeapSize                          = 67108864                                  {product} {ergonomic}
   size_t MarkStackSize                            = 4194304                                   {product} {ergonomic}
   size_t MaxHeapSize                              = 1050673152                                {product} {ergonomic}
   size_t MaxNewSize                               = 630194176                                 {product} {ergonomic}
   size_t MinHeapDeltaBytes                        = 1048576                                   {product} {ergonomic}
    uintx NonNMethodCodeHeapSize                   = 5830732                                {pd product} {ergonomic}
    uintx NonProfiledCodeHeapSize                  = 122913754                              {pd product} {ergonomic}
    uintx ProfiledCodeHeapSize                     = 122913754                              {pd product} {ergonomic}
    uintx ReservedCodeCacheSize                    = 251658240                              {pd product} {ergonomic}
     bool SegmentedCodeCache                       = true                                      {product} {ergonomic}
     bool UseCompressedClassPointers               = true                                 {lp64_product} {ergonomic}
     bool UseCompressedOops                        = true                                 {lp64_product} {ergonomic}
     bool UseG1GC                                  = true                                      {product} {ergonomic}
     bool UseLargePagesIndividualAllocation        = false                                  {pd product} {ergonomic}

Logging:
Log output configuration:
 #0: stdout all=warning uptime,level,tags
 #1: stderr all=off uptime,level,tags

Environment Variables:
JAVA_HOME=C:\Program Files\Java\jdk-11.0.16
PATH=C:\Program Files\Common Files\Oracle\Java\javapath;C:\WINDOWS\system32;C:\WINDOWS;C:\WINDOWS\System32\Wbem;C:\WINDOWS\System32\WindowsPowerShell\v1.0\;C:\WINDOWS\System32\OpenSSH\;C:\ProgramData\chocolatey\bin;C:\Program Files\Git\cmd;C:\Program Files\PuTTY\;C:\Program Files\nodejs\;C:\xampp\php;C:\composer;C:\Program Files\Microsoft SQL Server\Client SDK\ODBC\170\Tools\Binn\;C:\Program Files (x86)\Microsoft SQL Server\150\DTS\Binn\;C:\Program Files\Azure Data Studio\bin;C:\Program Files\dotnet\;C:\Program Files (x86)\Microsoft SQL Server\150\Tools\Binn\;C:\Program Files\Microsoft SQL Server\150\Tools\Binn\;C:\Program Files\Microsoft SQL Server\150\DTS\Binn\;C:\Program Files\Java\jdk1.8.0_181\bin;C:\Users\Admin\AppData\Local\Programs\Microsoft VS Code\bin;C:\Users\Admin\AppData\Local\Microsoft\WindowsApps;C:\Users\Admin\AppData\Roaming\npm;C:\Program Files\Azure Data Studio\bin;C:\Program Files\Azure Data Studio\bin;C:\php815;C:\Users\Admin\AppData\Roaming\Composer\vendor\bin;C:\Program Files\Azure Data Studio\bin;C:\Users\Admin\.dotnet\tools;C:\Users\Admin\AppData\Local\GitHubDesktop\bin
USERNAME=Admin
OS=Windows_NT
PROCESSOR_IDENTIFIER=Intel64 Family 6 Model 69 Stepping 1, GenuineIntel



---------------  S Y S T E M  ---------------

OS: Windows 10 , 64 bit Build 19041 (10.0.19041.1741)

CPU:total 4 (initial active 4) (2 cores per cpu, 2 threads per core) family 6 model 69 stepping 1 microcode 0x25, cmov, cx8, fxsr, mmx, sse, sse2, sse3, ssse3, sse4.1, sse4.2, popcnt, avx, avx2, aes, clmul, erms, lzcnt, ht, tsc, tscinvbit, bmi1, bmi2, fma

Memory: 4k page, system-wide physical 4001M (320M free)
TotalPageFile size 9251M (AvailPageFile size 2M)
current process WorkingSet (physical memory assigned to process): 50M, peak: 50M
current process commit charge ("private bytes"): 141M, peak: 141M

vm_info: Java HotSpot(TM) 64-Bit Server VM (11.0.16+11-LTS-199) for windows-amd64 JRE (11.0.16+11-LTS-199), built on Jun 28 2022 08:23:17 by "mach5one" with MS VC++ 15.9 (VS2017)

END.
